2015-07-18 10:48:44.551 [error] <0.274.0>@boss_web_controller_handle_request:handle_request:30 Unhandled Error: error:{case_clause,undefined} Stacktrace: [{boss_controller_adapter_pmod,get_instance,2,[{file,"src/boss/controller_adapters/boss_controller_adapter_pmod.erl"},{line,21}]},{boss_controller_adapter_pmod,before_filter,2,[{file,"src/boss/controller_adapters/boss_controller_adapter_pmod.erl"},{line,52}]},{boss_web_controller,apply_before_filters,3,[{file,"src/boss/boss_web_controller.erl"},{line,365}]},{boss_web_controller,apply_action,4,[{file,"src/boss/boss_web_controller.erl"},{line,300}]},{boss_web_controller,execute_action_inner,9,[{file,"src/boss/boss_web_controller.erl"},{line,287}]},{boss_web_controller_handle_request,process_dynamic_request,5,[{file,"src/boss/boss_web_controller_handle_request.erl"},{line,250}]},{boss_web_controller_handle_request,process_request,5,[{file,"src/boss/boss_web_controller_handle_request.erl"},{line,236}]},{timer,tc,3,[{file,"timer.erl"},{line,194}]}]
2015-07-18 10:48:48.144 [error] <0.276.0>@boss_web_controller_handle_request:handle_request:30 Unhandled Error: error:{case_clause,undefined} Stacktrace: [{boss_controller_adapter_pmod,get_instance,2,[{file,"src/boss/controller_adapters/boss_controller_adapter_pmod.erl"},{line,21}]},{boss_controller_adapter_pmod,before_filter,2,[{file,"src/boss/controller_adapters/boss_controller_adapter_pmod.erl"},{line,52}]},{boss_web_controller,apply_before_filters,3,[{file,"src/boss/boss_web_controller.erl"},{line,365}]},{boss_web_controller,apply_action,4,[{file,"src/boss/boss_web_controller.erl"},{line,300}]},{boss_web_controller,execute_action_inner,9,[{file,"src/boss/boss_web_controller.erl"},{line,287}]},{boss_web_controller_handle_request,process_dynamic_request,5,[{file,"src/boss/boss_web_controller_handle_request.erl"},{line,250}]},{boss_web_controller_handle_request,process_request,5,[{file,"src/boss/boss_web_controller_handle_request.erl"},{line,236}]},{timer,tc,3,[{file,"timer.erl"},{line,194}]}]
2015-07-18 10:49:17.047 [error] <0.279.0>@boss_web_controller_handle_request:handle_request:30 Unhandled Error: error:{case_clause,undefined} Stacktrace: [{boss_controller_adapter_pmod,get_instance,2,[{file,"src/boss/controller_adapters/boss_controller_adapter_pmod.erl"},{line,21}]},{boss_controller_adapter_pmod,before_filter,2,[{file,"src/boss/controller_adapters/boss_controller_adapter_pmod.erl"},{line,52}]},{boss_web_controller,apply_before_filters,3,[{file,"src/boss/boss_web_controller.erl"},{line,365}]},{boss_web_controller,apply_action,4,[{file,"src/boss/boss_web_controller.erl"},{line,300}]},{boss_web_controller,execute_action_inner,9,[{file,"src/boss/boss_web_controller.erl"},{line,287}]},{boss_web_controller_handle_request,process_dynamic_request,5,[{file,"src/boss/boss_web_controller_handle_request.erl"},{line,250}]},{boss_web_controller_handle_request,process_request,5,[{file,"src/boss/boss_web_controller_handle_request.erl"},{line,236}]},{timer,tc,3,[{file,"timer.erl"},{line,194}]}]
2015-07-18 10:49:26.915 [error] <0.281.0>@boss_web_controller_handle_request:handle_request:30 Unhandled Error: error:{case_clause,undefined} Stacktrace: [{boss_controller_adapter_pmod,get_instance,2,[{file,"src/boss/controller_adapters/boss_controller_adapter_pmod.erl"},{line,21}]},{boss_controller_adapter_pmod,before_filter,2,[{file,"src/boss/controller_adapters/boss_controller_adapter_pmod.erl"},{line,52}]},{boss_web_controller,apply_before_filters,3,[{file,"src/boss/boss_web_controller.erl"},{line,365}]},{boss_web_controller,apply_action,4,[{file,"src/boss/boss_web_controller.erl"},{line,300}]},{boss_web_controller,execute_action_inner,9,[{file,"src/boss/boss_web_controller.erl"},{line,287}]},{boss_web_controller_handle_request,process_dynamic_request,5,[{file,"src/boss/boss_web_controller_handle_request.erl"},{line,250}]},{boss_web_controller_handle_request,process_request,5,[{file,"src/boss/boss_web_controller_handle_request.erl"},{line,236}]},{timer,tc,3,[{file,"timer.erl"},{line,194}]}]
2015-07-18 10:50:12.157 [error] <0.283.0>@boss_web_controller_handle_request:handle_request:30 Unhandled Error: error:{case_clause,undefined} Stacktrace: [{boss_controller_adapter_pmod,get_instance,2,[{file,"src/boss/controller_adapters/boss_controller_adapter_pmod.erl"},{line,21}]},{boss_controller_adapter_pmod,before_filter,2,[{file,"src/boss/controller_adapters/boss_controller_adapter_pmod.erl"},{line,52}]},{boss_web_controller,apply_before_filters,3,[{file,"src/boss/boss_web_controller.erl"},{line,365}]},{boss_web_controller,apply_action,4,[{file,"src/boss/boss_web_controller.erl"},{line,300}]},{boss_web_controller,execute_action_inner,9,[{file,"src/boss/boss_web_controller.erl"},{line,287}]},{boss_web_controller_handle_request,process_dynamic_request,5,[{file,"src/boss/boss_web_controller_handle_request.erl"},{line,250}]},{boss_web_controller_handle_request,process_request,5,[{file,"src/boss/boss_web_controller_handle_request.erl"},{line,236}]},{timer,tc,3,[{file,"timer.erl"},{line,194}]}]
2015-07-18 10:50:12.827 [error] <0.286.0>@boss_web_controller_handle_request:handle_request:30 Unhandled Error: error:{case_clause,undefined} Stacktrace: [{boss_controller_adapter_pmod,get_instance,2,[{file,"src/boss/controller_adapters/boss_controller_adapter_pmod.erl"},{line,21}]},{boss_controller_adapter_pmod,before_filter,2,[{file,"src/boss/controller_adapters/boss_controller_adapter_pmod.erl"},{line,52}]},{boss_web_controller,apply_before_filters,3,[{file,"src/boss/boss_web_controller.erl"},{line,365}]},{boss_web_controller,apply_action,4,[{file,"src/boss/boss_web_controller.erl"},{line,300}]},{boss_web_controller,execute_action_inner,9,[{file,"src/boss/boss_web_controller.erl"},{line,287}]},{boss_web_controller_handle_request,process_dynamic_request,5,[{file,"src/boss/boss_web_controller_handle_request.erl"},{line,250}]},{boss_web_controller_handle_request,process_request,5,[{file,"src/boss/boss_web_controller_handle_request.erl"},{line,236}]},{timer,tc,3,[{file,"timer.erl"},{line,194}]}]
2015-07-18 10:50:14.094 [error] <0.288.0>@boss_web_controller_handle_request:handle_request:30 Unhandled Error: error:{case_clause,undefined} Stacktrace: [{boss_controller_adapter_pmod,get_instance,2,[{file,"src/boss/controller_adapters/boss_controller_adapter_pmod.erl"},{line,21}]},{boss_controller_adapter_pmod,before_filter,2,[{file,"src/boss/controller_adapters/boss_controller_adapter_pmod.erl"},{line,52}]},{boss_web_controller,apply_before_filters,3,[{file,"src/boss/boss_web_controller.erl"},{line,365}]},{boss_web_controller,apply_action,4,[{file,"src/boss/boss_web_controller.erl"},{line,300}]},{boss_web_controller,execute_action_inner,9,[{file,"src/boss/boss_web_controller.erl"},{line,287}]},{boss_web_controller_handle_request,process_dynamic_request,5,[{file,"src/boss/boss_web_controller_handle_request.erl"},{line,250}]},{boss_web_controller_handle_request,process_request,5,[{file,"src/boss/boss_web_controller_handle_request.erl"},{line,236}]},{timer,tc,3,[{file,"timer.erl"},{line,194}]}]
2015-07-18 10:51:41.475 [error] <0.294.0> GET /index/static/css/normalize.css [notification_center] 404 3ms
2015-07-18 10:51:41.485 [error] <0.296.0> GET /index/static/css/main.css [notification_center] 404 3ms
2015-07-18 10:51:41.492 [error] <0.298.0> GET /index/static/js/vendor/modernizr-2.8.3.min.js [notification_center] 404 2ms
2015-07-18 10:51:41.512 [error] <0.300.0> GET /index/js/plugins.js [notification_center] 404 3ms
2015-07-18 10:51:41.532 [error] <0.302.0> GET /index/js/main.js [notification_center] 404 13ms
2015-07-18 10:51:42.777 [error] <0.306.0> GET /index/static/css/normalize.css [notification_center] 404 3ms
2015-07-18 10:51:43.038 [error] <0.308.0> GET /index/static/css/main.css [notification_center] 404 258ms
2015-07-18 10:51:43.045 [error] <0.310.0> GET /index/static/js/vendor/modernizr-2.8.3.min.js [notification_center] 404 261ms
2015-07-18 10:51:43.045 [error] <0.311.0> GET /index/js/plugins.js [notification_center] 404 261ms
2015-07-18 10:51:43.045 [error] <0.312.0> GET /index/js/main.js [notification_center] 404 260ms
2015-07-18 10:51:43.662 [error] <0.318.0> GET /index/static/css/normalize.css [notification_center] 404 5ms
2015-07-18 10:51:43.676 [error] <0.319.0> GET /index/static/css/main.css [notification_center] 404 18ms
2015-07-18 10:51:43.676 [error] <0.320.0> GET /index/js/main.js [notification_center] 404 19ms
2015-07-18 10:51:43.676 [error] <0.322.0> GET /index/js/plugins.js [notification_center] 404 19ms
2015-07-18 10:51:43.676 [error] <0.321.0> GET /index/static/js/vendor/modernizr-2.8.3.min.js [notification_center] 404 19ms
2015-07-18 10:52:50.877 [error] <0.331.0> GET /index/static/css/normalize.css [notification_center] 404 3ms
2015-07-18 10:52:50.971 [error] <0.335.0> GET /index/js/plugins.js [notification_center] 404 15ms
2015-07-18 10:52:50.971 [error] <0.336.0> GET /index/js/main.js [notification_center] 404 15ms
2015-07-18 11:01:06.433 [error] <0.347.0> GET /chicago-boss.png [notification_center] 404 15ms
2015-07-18 18:29:14.344 [error] <0.812.0>@boss_load:compile_and_accumulate_errors:258 Compile Error, "src/controller/notification_center_index_controller.erl" -> [{"/home/kim/workspace/erlangprojects/notification_center/src/controller/notification_center_index_controller.erl",[{11,erl_parse,["syntax error before: ","'{'"]}]}]
2015-07-18 18:29:15.700 [error] <0.814.0>@boss_load:compile_and_accumulate_errors:258 Compile Error, "src/controller/notification_center_index_controller.erl" -> [{"/home/kim/workspace/erlangprojects/notification_center/src/controller/notification_center_index_controller.erl",[{11,erl_parse,["syntax error before: ","'{'"]}]}]
2015-07-18 18:29:16.471 [error] <0.816.0>@boss_load:compile_and_accumulate_errors:258 Compile Error, "src/controller/notification_center_index_controller.erl" -> [{"/home/kim/workspace/erlangprojects/notification_center/src/controller/notification_center_index_controller.erl",[{11,erl_parse,["syntax error before: ","'{'"]}]}]
2015-07-18 18:30:54.459 [error] <0.825.0>@boss_web_controller_handle_request:handle_request:30 Unhandled Error: error:function_clause Stacktrace: [{boss_record_compiler,process_tokens,[[],[{eof,{4,1}}],[]],[{file,"src/boss_record_compiler.erl"},{line,123}]},{boss_compiler,parse_text,4,[{file,"src/boss_compiler.erl"},{line,169}]},{boss_compiler,compile,2,[{file,"src/boss_compiler.erl"},{line,51}]},{boss_load,compile_and_accumulate_errors,5,[{file,"src/boss/boss_load.erl"},{line,251}]},{boss_load,load_model_dir,4,[{file,"src/boss/boss_load.erl"},{line,176}]},{boss_load,load_model_dirs1,6,[{file,"src/boss/boss_load.erl"},{line,167}]},{boss_web_controller_handle_request,run_controller_if_present,6,[{file,"src/boss/boss_web_controller_handle_request.erl"},{line,502}]},{boss_web_controller_handle_request,process_dynamic_request,5,[{file,"src/boss/boss_web_controller_handle_request.erl"},{line,250}]}]
2015-07-18 18:30:55.102 [error] <0.827.0>@boss_web_controller_handle_request:handle_request:30 Unhandled Error: error:function_clause Stacktrace: [{boss_record_compiler,process_tokens,[[],[{eof,{4,1}}],[]],[{file,"src/boss_record_compiler.erl"},{line,123}]},{boss_compiler,parse_text,4,[{file,"src/boss_compiler.erl"},{line,169}]},{boss_compiler,compile,2,[{file,"src/boss_compiler.erl"},{line,51}]},{boss_load,compile_and_accumulate_errors,5,[{file,"src/boss/boss_load.erl"},{line,251}]},{boss_load,load_model_dir,4,[{file,"src/boss/boss_load.erl"},{line,176}]},{boss_load,load_model_dirs1,6,[{file,"src/boss/boss_load.erl"},{line,167}]},{boss_web_controller_handle_request,run_controller_if_present,6,[{file,"src/boss/boss_web_controller_handle_request.erl"},{line,502}]},{boss_web_controller_handle_request,process_dynamic_request,5,[{file,"src/boss/boss_web_controller_handle_request.erl"},{line,250}]}]
2015-07-18 18:30:55.704 [error] <0.829.0>@boss_web_controller_handle_request:handle_request:30 Unhandled Error: error:function_clause Stacktrace: [{boss_record_compiler,process_tokens,[[],[{eof,{4,1}}],[]],[{file,"src/boss_record_compiler.erl"},{line,123}]},{boss_compiler,parse_text,4,[{file,"src/boss_compiler.erl"},{line,169}]},{boss_compiler,compile,2,[{file,"src/boss_compiler.erl"},{line,51}]},{boss_load,compile_and_accumulate_errors,5,[{file,"src/boss/boss_load.erl"},{line,251}]},{boss_load,load_model_dir,4,[{file,"src/boss/boss_load.erl"},{line,176}]},{boss_load,load_model_dirs1,6,[{file,"src/boss/boss_load.erl"},{line,167}]},{boss_web_controller_handle_request,run_controller_if_present,6,[{file,"src/boss/boss_web_controller_handle_request.erl"},{line,502}]},{boss_web_controller_handle_request,process_dynamic_request,5,[{file,"src/boss/boss_web_controller_handle_request.erl"},{line,250}]}]
2015-07-18 19:17:18.100 [error] <0.95.0>@boss_load:compile_and_accumulate_errors:258 Compile Error, "src/controller/notification_center_index_controller.erl" -> [{"/home/kim/workspace/erlangprojects/notification_center/src/controller/notification_center_index_controller.erl",[{14,erl_parse,["syntax error before: ","')'"]}]}]
2015-07-18 19:17:18.100 [error] <0.95.0>@boss_load:make_all_modules:88 Load Module Error controller_modules : [[{"/home/kim/workspace/erlangprojects/notification_center/src/controller/notification_center_index_controller.erl",[{14,erl_parse,["syntax error before: ","')'"]}]}]]
2015-07-18 19:17:21.706 [error] <0.273.0>@boss_load:compile_and_accumulate_errors:258 Compile Error, "src/controller/notification_center_index_controller.erl" -> [{"/home/kim/workspace/erlangprojects/notification_center/src/controller/notification_center_index_controller.erl",[{14,erl_parse,["syntax error before: ","')'"]}]}]
2015-07-18 19:17:22.542 [error] <0.276.0>@boss_load:compile_and_accumulate_errors:258 Compile Error, "src/controller/notification_center_index_controller.erl" -> [{"/home/kim/workspace/erlangprojects/notification_center/src/controller/notification_center_index_controller.erl",[{14,erl_parse,["syntax error before: ","')'"]}]}]
2015-07-18 19:17:23.425 [error] <0.278.0>@boss_load:compile_and_accumulate_errors:258 Compile Error, "src/controller/notification_center_index_controller.erl" -> [{"/home/kim/workspace/erlangprojects/notification_center/src/controller/notification_center_index_controller.erl",[{14,erl_parse,["syntax error before: ","')'"]}]}]
2015-07-18 19:17:56.680 [error] <0.290.0>@boss_web_controller:call_controller_action:319 Error in controller error:function_clause Stacktrace: [{notification_center_index_controller,create,['GET',[],
                                             {notification_center_index_controller,
                                              {simple_bridge_request_wrapper,
                                               mochiweb_request_bridge,
                                               {mochicow_request,
                                                #Port<0.31260>,'GET',
                                                "/index/create",'HTTP/1.1',
                                                {8,
                                                 {"host",
                                                  {"host","localhost:8001"},
                                                  {"connection",
                                                   {"connection","keep-alive"},
                                                   {"accept",
                                                    {"accept",
                                                     "text/html,application/xhtml+xml,application/xml;q=0.9,image/webp,*/*;q=0.8"},
                                                    nil,
                                                    {"accept-encoding",
                                                     {"accept-encoding",
                                                      "gzip, deflate, sdch"},
                                                     nil,
                                                     {"accept-language",
                                                      {"accept-language",
                                                       "sv-SE,sv;q=0.8,en-US;q=0.6,en;q=0.4"},
                                                      nil,nil}}},
                                                   {"cookie",
                                                    {"cookie",
                                                     "_gat=1; _ga=GA1.1.296165177.1435821047"},
                                                    nil,nil}},
                                                  {"user-agent",
                                                   {"user-agent",
                                                    "Mozilla/5.0 (X11; Linux x86_64) AppleWebKit/537.36 (KHTML, like Gecko) Chrome/43.0.2357.132 Safari/537.36"},
                                                   {"referer",
                                                    {"referer",
                                                     "http://localhost:8001/index/start"},
                                                    nil,nil},
                                                   nil}}},
                                                <<>>},
                                               false,[],[],none}}],[{file,"/home/kim/workspace/erlangprojects/notification_center/src/controller/notification_center_index_controller.erl"},{line,14}]},{boss_web_controller,call_controller_action,3,[{file,"src/boss/boss_web_controller.erl"},{line,316}]},{boss_web_controller,apply_action,4,[{file,"src/boss/boss_web_controller.erl"},{line,308}]},{boss_web_controller,execute_action_inner,9,[{file,"src/boss/boss_web_controller.erl"},{line,287}]},{boss_web_controller_handle_request,process_dynamic_request,5,[{file,"src/boss/boss_web_controller_handle_request.erl"},{line,250}]},{boss_web_controller_handle_request,process_request,5,[{file,"src/boss/boss_web_controller_handle_request.erl"},{line,236}]},{timer,tc,3,[{file,"timer.erl"},{line,194}]},{boss_web_controller_handle_request,build_dynamic_response,5,[{file,"src/boss/boss_web_controller_handle_request.erl"},{line,129}]}]
2015-07-18 19:17:56.681 [error] <0.290.0> Error in controller, see console.log for details

2015-07-18 19:17:56.899 [error] <0.290.0> GET /index/create [notification_center] 500 225ms
2015-07-18 19:19:41.853 [error] <0.304.0>@boss_web_controller:call_controller_action:319 Error in controller error:function_clause Stacktrace: [{notification_center_index_controller,create,['GET',[],
                                             {notification_center_index_controller,
                                              {simple_bridge_request_wrapper,
                                               mochiweb_request_bridge,
                                               {mochicow_request,
                                                #Port<0.31933>,'GET',
                                                "/index/create",'HTTP/1.1',
                                                {8,
                                                 {"host",
                                                  {"host","localhost:8001"},
                                                  {"connection",
                                                   {"connection","keep-alive"},
                                                   {"accept",
                                                    {"accept",
                                                     "text/html,application/xhtml+xml,application/xml;q=0.9,image/webp,*/*;q=0.8"},
                                                    nil,
                                                    {"accept-encoding",
                                                     {"accept-encoding",
                                                      "gzip, deflate, sdch"},
                                                     nil,
                                                     {"accept-language",
                                                      {"accept-language",
                                                       "sv-SE,sv;q=0.8,en-US;q=0.6,en;q=0.4"},
                                                      nil,nil}}},
                                                   {"cookie",
                                                    {"cookie",
                                                     "_gat=1; _ga=GA1.1.296165177.1435821047"},
                                                    nil,nil}},
                                                  {"user-agent",
                                                   {"user-agent",
                                                    "Mozilla/5.0 (X11; Linux x86_64) AppleWebKit/537.36 (KHTML, like Gecko) Chrome/43.0.2357.132 Safari/537.36"},
                                                   {"referer",
                                                    {"referer",
                                                     "http://localhost:8001/index/start"},
                                                    nil,nil},
                                                   nil}}},
                                                <<>>},
                                               false,[],[],none}}],[{file,"/home/kim/workspace/erlangprojects/notification_center/src/controller/notification_center_index_controller.erl"},{line,14}]},{boss_web_controller,call_controller_action,3,[{file,"src/boss/boss_web_controller.erl"},{line,316}]},{boss_web_controller,apply_action,4,[{file,"src/boss/boss_web_controller.erl"},{line,308}]},{boss_web_controller,execute_action_inner,9,[{file,"src/boss/boss_web_controller.erl"},{line,287}]},{boss_web_controller_handle_request,process_dynamic_request,5,[{file,"src/boss/boss_web_controller_handle_request.erl"},{line,250}]},{boss_web_controller_handle_request,process_request,5,[{file,"src/boss/boss_web_controller_handle_request.erl"},{line,236}]},{timer,tc,3,[{file,"timer.erl"},{line,194}]},{boss_web_controller_handle_request,build_dynamic_response,5,[{file,"src/boss/boss_web_controller_handle_request.erl"},{line,129}]}]
2015-07-18 19:19:41.855 [error] <0.304.0> Error in controller, see console.log for details

2015-07-18 19:19:41.856 [error] <0.304.0> GET /index/create [notification_center] 500 7ms
2015-07-18 19:21:40.154 [error] <0.307.0>@boss_load:compile_and_accumulate_errors:261 Compile Error, "src/controller/notification_center_index_controller.erl" -> [{"/home/kim/workspace/erlangprojects/notification_center/src/controller/notification_center_index_controller.erl",[{18,erl_lint,{redefine_function,{create,3}}}]}]
2015-07-18 19:21:40.910 [error] <0.310.0>@boss_load:compile_and_accumulate_errors:261 Compile Error, "src/controller/notification_center_index_controller.erl" -> [{"/home/kim/workspace/erlangprojects/notification_center/src/controller/notification_center_index_controller.erl",[{18,erl_lint,{redefine_function,{create,3}}}]}]
2015-07-18 19:21:41.637 [error] <0.313.0>@boss_load:compile_and_accumulate_errors:261 Compile Error, "src/controller/notification_center_index_controller.erl" -> [{"/home/kim/workspace/erlangprojects/notification_center/src/controller/notification_center_index_controller.erl",[{18,erl_lint,{redefine_function,{create,3}}}]}]
2015-07-18 19:21:56.572 [error] <0.317.0>@boss_load:compile_and_accumulate_errors:261 Compile Error, "src/controller/notification_center_index_controller.erl" -> [{"/home/kim/workspace/erlangprojects/notification_center/src/controller/notification_center_index_controller.erl",[{18,erl_lint,{redefine_function,{create,3}}}]}]
2015-07-19 10:13:09.943 [error] <0.422.0> POST /index/ajax/test.html [notification_center] 404 3ms
2015-07-19 10:16:39.995 [error] <0.437.0> POST /index/ajax/test.html [notification_center] 404 5ms
2015-07-19 10:16:42.265 [error] <0.440.0> POST /index/ajax/test.html [notification_center] 404 5ms
2015-07-19 10:21:23.125 [error] <0.453.0>@boss_load:compile_and_accumulate_errors:261 Compile Error, "src/controller/notification_center_index_controller.erl" -> [{"/home/kim/workspace/erlangprojects/notification_center/src/controller/notification_center_index_controller.erl",[{22,erl_lint,{redefine_function,{create,3}}}]}]
2015-07-19 10:21:24.051 [error] <0.456.0>@boss_load:compile_and_accumulate_errors:261 Compile Error, "src/controller/notification_center_index_controller.erl" -> [{"/home/kim/workspace/erlangprojects/notification_center/src/controller/notification_center_index_controller.erl",[{22,erl_lint,{redefine_function,{create,3}}}]}]
2015-07-19 10:26:19.169 [error] <0.493.0>@boss_load:compile_and_accumulate_errors:258 Compile Error, "src/controller/notification_center_index_controller.erl" -> [{"/home/kim/workspace/erlangprojects/notification_center/src/controller/notification_center_index_controller.erl",[{21,erl_parse,["syntax error before: ",["Description"]]}]}]
2015-07-19 10:26:19.825 [error] <0.495.0>@boss_load:compile_and_accumulate_errors:258 Compile Error, "src/controller/notification_center_index_controller.erl" -> [{"/home/kim/workspace/erlangprojects/notification_center/src/controller/notification_center_index_controller.erl",[{21,erl_parse,["syntax error before: ",["Description"]]}]}]
2015-07-19 10:26:42.741 [error] <0.507.0>@boss_web_controller:call_controller_action:319 Error in controller error:badarg Stacktrace: [{io,format,[<0.148.0>," ~n ~n DateTime:  ~p, Description: ~p ~n ~n",
           ["07/25/2015",103,103,103]],[]},{notification_center_index_controller,create,3,[{file,"/home/kim/workspace/erlangprojects/notification_center/src/controller/notification_center_index_controller.erl"},{line,22}]},{boss_web_controller,call_controller_action,3,[{file,"src/boss/boss_web_controller.erl"},{line,316}]},{boss_web_controller,apply_action,4,[{file,"src/boss/boss_web_controller.erl"},{line,308}]},{boss_web_controller,execute_action_inner,9,[{file,"src/boss/boss_web_controller.erl"},{line,287}]},{boss_web_controller_handle_request,process_dynamic_request,5,[{file,"src/boss/boss_web_controller_handle_request.erl"},{line,250}]},{boss_web_controller_handle_request,process_request,5,[{file,"src/boss/boss_web_controller_handle_request.erl"},{line,236}]},{timer,tc,3,[{file,"timer.erl"},{line,194}]}]
2015-07-19 10:26:42.742 [error] <0.507.0> Error in controller, see console.log for details

2015-07-19 10:26:42.912 [error] <0.507.0> POST /index/create [notification_center] 500 192ms
